[2025-04-14 00:25:41] 游릭 Application started
[2025-04-14 00:25:48] 游릭 connected to database
[2025-04-14 00:34:06] 游릭 Application started
[2025-04-14 00:34:12] 游릭 connected to database
[2025-04-14 00:47:35] 游릭 Application started
[2025-04-14 00:47:40] 游릭 connected to database
[2025-04-14 00:47:49] Login attempt by user ID: dhia
[2025-04-14 00:50:35] 游릭 Application started
[2025-04-14 00:50:38] 游릭 connected to database
[2025-04-14 00:50:46] Login attempt by user ID: dhia
[2025-04-14 00:52:00] 游릭 Application started
[2025-04-14 00:52:06] 游릭 connected to database
[2025-04-14 00:52:12] Login attempt by user ID: dhia
[2025-04-14 00:53:50] 游릭 Application started
[2025-04-14 00:53:54] 游릭 connected to database
[2025-04-14 00:54:00] Login attempt by user ID: dhia
[2025-04-14 00:56:40] 游릭 Application started
[2025-04-14 00:56:44] 游릭 connected to database
[2025-04-14 00:56:52] Login attempt by user ID: dhia
[2025-04-14 00:59:15] 游릭 Application started
[2025-04-14 00:59:17] 游릭 connected to database
[2025-04-14 00:59:24] Login attempt by user ID: dhia
[2025-04-14 01:04:54] 游릭 Application started
[2025-04-14 01:04:57] 游릭 connected to database
[2025-04-14 01:05:06] Login attempt by user ID: dhia
[2025-04-14 01:06:28] 游릭 Application started
[2025-04-14 01:06:31] 游릭 connected to database
[2025-04-14 01:06:38] Login attempt by user ID: dhia
[2025-04-14 01:10:08] 游릭 Application started
[2025-04-14 01:10:12] 游릭 connected to database
[2025-04-14 01:10:17] Login attempt by user ID: dhia
[2025-04-14 01:12:43] 游릭 Application started
[2025-04-14 01:12:45] 游릭 connected to database
[2025-04-14 01:12:49] Login attempt by user ID: dhia
[2025-04-14 01:14:15] 游릭 Application started
[2025-04-14 01:14:16] 游릭 connected to database
[2025-04-14 01:14:20] Login attempt by user ID: dhia
[2025-04-14 01:23:42] 游릭 Application started
[2025-04-14 01:24:13] 游릭 connected to database
[2025-04-14 01:24:19] Login attempt by user ID: dhia
[2025-04-14 01:39:36] 游릭 Application started
[2025-04-14 01:39:38] 游릭 connected to database
[2025-04-14 01:39:42] Login attempt by user ID: dhia
[2025-04-14 01:42:56] 游릭 Application started
[2025-04-14 01:42:57] 游릭 connected to database
[2025-04-14 01:43:03] Login attempt by user ID: dhia
[2025-04-14 01:43:38] 游릭 Application started
[2025-04-14 01:43:39] 游릭 connected to database
[2025-04-14 01:43:46] Login attempt by user ID: dhia
[2025-04-14 01:47:07] 游릭 Application started
[2025-04-14 01:47:10] 游릭 connected to database
[2025-04-14 01:47:20] Login attempt by user ID: dhia
[2025-04-14 01:48:29] 游릭 Application started
[2025-04-14 01:48:55] 游릭 connected to database
[2025-04-14 01:49:09] Login attempt by user ID: dhia
[2025-04-14 01:53:31] 游릭 Application started
[2025-04-14 01:53:33] 游릭 connected to database
[2025-04-14 01:53:37] Login attempt by user ID: dhia
[2025-04-14 02:01:22] 游릭 Application started
[2025-04-14 02:01:23] 游릭 connected to database
[2025-04-14 02:01:27] Login faild: d
[2025-04-14 02:01:29] Login faild: d
[2025-04-14 02:01:30] Login faild: d
[2025-04-14 02:01:31] Login faild: d
[2025-04-14 02:01:31] Login faild: d
[2025-04-14 02:04:41] 游릭 Application started
[2025-04-14 02:04:41] 游릭 connected to database
[2025-04-14 02:26:23] 游릭 Application started
[2025-04-14 02:26:24] 游릭 connected to database
[2025-04-14 02:26:30] Login attempt by user ID: dhia
[2025-04-14 02:29:19] 游릭 Application started
[2025-04-14 02:29:20] 游릭 connected to database
[2025-04-14 02:29:25] Login attempt by user ID: dhia
[2025-04-14 02:30:02] 游릭 Application started
[2025-04-14 02:30:03] 游릭 connected to database
[2025-04-14 02:30:07] Login attempt by user ID: dhia
[2025-04-14 02:37:54] 游릭 Application started
[2025-04-14 02:37:54] 游릭 connected to database
[2025-04-14 02:38:02] Login attempt by user ID: dhia
[2025-04-14 02:42:13] 游릭 Application started
[2025-04-14 02:42:14] 游릭 connected to database
[2025-04-14 02:42:20] Login attempt by user ID: dhia
[2025-04-14 03:03:37] 游릭 Application started
[2025-04-14 03:03:37] 游릭 connected to database
[2025-04-14 03:03:43] Login attempt by user ID: dhia
[2025-04-14 03:07:29] 游릭 Application started
[2025-04-14 03:07:30] 游릭 connected to database
[2025-04-14 03:08:41] 游릭 Application started
[2025-04-14 03:08:41] 游릭 connected to database
[2025-04-14 03:08:49] Login attempt by user ID: 1234
[2025-04-14 03:09:35] 游릭 Application started
[2025-04-14 03:09:36] 游릭 connected to database
[2025-04-14 03:09:42] Login faild: 123
[2025-04-14 03:09:50] Login attempt by user ID: dhia
[2025-04-14 16:41:10] 游릭 Application started
[2025-04-14 16:41:11] 游릭 connected to database
[2025-04-14 16:42:04] Login attempt by user ID: dhia
[2025-04-14 21:40:15] 游릭 Application started
[2025-04-14 21:40:16] 游릭 connected to database
[2025-04-14 21:40:52] Login faild: 123
[2025-04-14 21:40:58] Login attempt by user ID: dhia
[2025-04-14 21:44:33] 游릭 Application started
[2025-04-14 21:44:34] 游릭 connected to database
[2025-04-14 21:44:40] Login attempt by user ID: dhia
[2025-04-14 21:45:04] 游릭 Application started
[2025-04-14 21:45:05] 游릭 connected to database
[2025-04-14 21:45:11] Login faild: dhia
[2025-04-14 21:45:13] Login attempt by user ID: dhia
[2025-04-14 21:46:05] 游릭 Application started
[2025-04-14 21:46:05] 游릭 connected to database
[2025-04-14 21:46:10] Login attempt by user ID: dhia
[2025-04-14 21:47:24] 游릭 Application started
[2025-04-14 21:47:25] 游릭 connected to database
[2025-04-14 21:47:32] Login attempt by user ID: dhia
