[2025-04-16 09:34:35] 游릭 Application started
[2025-04-16 09:34:35] 游릭 connected to database
[2025-04-16 09:34:41] Login attempt by user ID: dhia
[2025-04-16 09:39:03] 游릭 Application started
[2025-04-16 09:39:04] 游릭 connected to database
[2025-04-16 09:39:10] Login attempt by user ID: dhia
[2025-04-16 09:43:14] 游릭 Application started
[2025-04-16 09:43:14] 游릭 connected to database
[2025-04-16 09:43:23] Login attempt by user ID: 1234
[2025-04-16 09:47:04] 游릭 Application started
[2025-04-16 09:47:04] 游릭 connected to database
[2025-04-16 09:47:09] Login attempt by user ID: dhia
[2025-04-16 09:51:45] 游릭 Application started
[2025-04-16 09:51:45] 游릭 connected to database
[2025-04-16 09:51:51] Login attempt by user ID: dhia
[2025-04-16 09:52:10] 游릭 Application started
[2025-04-16 09:52:10] 游릭 connected to database
[2025-04-16 09:52:14] Login attempt by user ID: dhia
[2025-04-16 09:52:45] Locataire ajout칠 : 12457, ahmed
[2025-04-16 09:54:13] 游릭 Application started
[2025-04-16 09:54:13] 游릭 connected to database
[2025-04-16 09:54:17] Login attempt by user ID: dhia
[2025-04-16 09:54:57] Suppression du locataire ID: 0
[2025-04-16 10:03:00] 游릭 Application started
[2025-04-16 10:03:01] 游릭 connected to database
[2025-04-16 10:03:13] Login attempt by user ID: dhia
[2025-04-16 10:03:46] Locataire ajout칠 : 0, yassin
[2025-04-16 10:04:39] 游릭 Application started
[2025-04-16 10:04:40] 游릭 connected to database
[2025-04-16 10:04:43] Login attempt by user ID: dhia
[2025-04-16 10:06:03] 游릭 Application started
[2025-04-16 10:06:03] 游릭 connected to database
[2025-04-16 10:06:13] Login attempt by user ID: dhia
[2025-04-16 10:11:31] 游릭 Application started
[2025-04-16 10:11:31] 游릭 connected to database
[2025-04-16 10:11:36] Login attempt by user ID: dhia
[2025-04-16 10:15:08] 游릭 Application started
[2025-04-16 10:15:09] 游릭 connected to database
[2025-04-16 10:15:17] Login attempt by user ID: dhia
[2025-04-16 10:19:35] 游릭 Application started
[2025-04-16 10:19:35] 游릭 connected to database
[2025-04-16 10:19:58] Login attempt by user ID: dhia
[2025-04-16 10:20:35] 游릭 Application started
[2025-04-16 10:20:36] 游릭 connected to database
[2025-04-16 10:20:54] 游릭 Application started
[2025-04-16 10:20:55] 游릭 connected to database
[2025-04-16 10:21:03] Login faild: dhia
[2025-04-16 10:21:07] Login attempt by user ID: dhia
[2025-04-16 10:21:12] Locataire afficher : 790, 
[2025-04-16 10:22:07] Locataire ajout칠 : 
[2025-04-16 10:22:46] 游릭 Application started
[2025-04-16 10:22:47] 游릭 connected to database
[2025-04-16 10:22:52] Login attempt by user ID: dhia
[2025-04-16 10:22:58] Locataire afficher : 790, 
[2025-04-16 11:00:11] 游릭 Application started
[2025-04-16 11:00:12] 游릭 connected to database
[2025-04-16 11:00:16] Login attempt by user ID: dhia
[2025-04-16 11:37:49] 游릭 Application started
[2025-04-16 11:37:49] 游릭 connected to database
[2025-04-16 11:37:53] Login attempt by user ID: dhia
[2025-04-16 11:39:37] 游릭 Application started
[2025-04-16 11:39:37] 游릭 connected to database
[2025-04-16 11:39:42] Login attempt by user ID: dhia
[2025-04-16 11:40:12] 游릭 Application started
[2025-04-16 11:40:13] 游릭 connected to database
[2025-04-16 11:40:18] Login faild: dhia
[2025-04-16 11:40:22] Login attempt by user ID: dhia
[2025-04-16 11:41:15] Locataire afficher : 790, 
