[2025-04-13 18:10:21] 游릭 Application started
[2025-04-13 18:10:22] 游릭 connected to database
[2025-04-13 22:50:46] 游릭 Application started
[2025-04-13 22:50:49] 游릭 connected to database
[2025-04-13 22:52:29] 游릭 Application started
[2025-04-13 22:52:32] 游릭 connected to database
[2025-04-13 22:53:39] 游릭 Application started
[2025-04-13 22:53:41] 游릭 connected to database
[2025-04-13 22:56:17] 游릭 Application started
[2025-04-13 22:56:19] 游릭 connected to database
[2025-04-13 22:56:34] Login faild: 123
[2025-04-13 22:56:36] Login faild: 123
[2025-04-13 22:56:38] Login faild: 123
[2025-04-13 22:56:39] Login faild: 123
[2025-04-13 23:04:22] 游릭 Application started
[2025-04-13 23:04:24] 游릭 connected to database
[2025-04-13 23:04:36] Login attempt by user ID: dhia
[2025-04-13 23:05:27] 칄chec de l'ajout du locataire ID: 0
[2025-04-13 23:05:34] 칄chec de l'ajout du locataire ID: 0
[2025-04-13 23:05:58] 칄chec de l'ajout du locataire ID: 14587
[2025-04-13 23:06:18] 칄chec de l'ajout du locataire ID: 14587
[2025-04-13 23:07:53] 游릭 Application started
[2025-04-13 23:07:55] 游릭 connected to database
[2025-04-13 23:08:02] Login attempt by user ID: dhia
[2025-04-13 23:08:14] 칄chec de l'ajout du locataire ID: 12345
[2025-04-13 23:16:18] 游릭 Application started
[2025-04-13 23:16:20] 游릭 connected to database
[2025-04-13 23:16:27] Login attempt by user ID: dhia
[2025-04-13 23:16:40] Suppression du locataire ID: 0
[2025-04-13 23:16:41] user delete: 
[2025-04-13 23:17:54] 游릭 Application started
[2025-04-13 23:17:56] 游릭 connected to database
[2025-04-13 23:18:02] Login attempt by user ID: dhia
[2025-04-13 23:18:15] Locataire ajout칠 : 12356, dhia
[2025-04-13 23:22:56] 游릭 Application started
[2025-04-13 23:22:59] 游릭 connected to database
[2025-04-13 23:23:04] Login attempt by user ID: dhia
[2025-04-13 23:23:49] Locataire ajout칠 : 147852, dhia
